\BOOKMARK [1][-]{section.1}{Motivation}{}
\BOOKMARK [1][-]{section.2}{Background}{}
\BOOKMARK [2][-]{subsection.2.1}{LIDAR}{section.2}
\BOOKMARK [2][-]{subsection.2.2}{Automated Vision-Based Reconstruction}{section.2}
\BOOKMARK [2][-]{subsection.2.3}{Surface Reconstruction}{section.2}
\BOOKMARK [2][-]{subsection.2.4}{User-Driven Vision-Augmented Reconstruction}{section.2}
\BOOKMARK [2][-]{subsection.2.5}{Texture Extraction}{section.2}
\BOOKMARK [1][-]{section.3}{Approach}{}
\BOOKMARK [2][-]{subsection.3.1}{Overview}{section.3}
\BOOKMARK [2][-]{subsection.3.2}{Ego-Motion Recovery}{section.3}
\BOOKMARK [2][-]{subsection.3.3}{User Interface}{section.3}
\BOOKMARK [2][-]{subsection.3.4}{Modelling}{section.3}
\BOOKMARK [1][-]{section.4}{Specification}{}
\BOOKMARK [2][-]{subsection.4.1}{Overview}{section.4}
\BOOKMARK [2][-]{subsection.4.2}{Requirements}{section.4}
\BOOKMARK [2][-]{subsection.4.3}{Documentation}{section.4}
\BOOKMARK [1][-]{section.5}{Evaluation}{}
\BOOKMARK [2][-]{subsection.5.1}{Acceptance Testing}{section.5}
\BOOKMARK [2][-]{subsection.5.2}{Accuracy}{section.5}
\BOOKMARK [2][-]{subsection.5.3}{Usability}{section.5}
\BOOKMARK [2][-]{subsection.5.4}{Summary}{section.5}
\BOOKMARK [1][-]{section.6}{References}{}
